0 info it worked if it ends with ok
1 verbose cli [ 'node', '/usr/local/bin/npm', 'install', 'ios-sim', '-g' ]
2 info using npm@2.5.1
3 info using node@v0.12.0
4 silly cache add args [ 'ios-sim', null ]
5 verbose cache add spec ios-sim
6 silly cache add parsed spec { raw: 'ios-sim',
6 silly cache add   scope: null,
6 silly cache add   name: 'ios-sim',
6 silly cache add   rawSpec: '',
6 silly cache add   spec: '*',
6 silly cache add   type: 'range' }
7 verbose addNamed ios-sim@*
8 silly addNamed semver.valid null
9 silly addNamed semver.validRange *
10 silly addNameRange { name: 'ios-sim', range: '*', hasData: false }
11 silly mapToRegistry name ios-sim
12 silly mapToRegistry using default registry
13 silly mapToRegistry registry https://registry.npmjs.org/
14 silly mapToRegistry uri https://registry.npmjs.org/ios-sim
15 verbose addNameRange registry:https://registry.npmjs.org/ios-sim not in flight; fetching
16 verbose request uri https://registry.npmjs.org/ios-sim
17 verbose request no auth needed
18 info attempt registry request try #1 at 1:21:15 PM
19 verbose request id 3dc5dc6dd37ba6b1
20 verbose etag "5N2I9S5HWR4XHX26339ANL7X5"
21 http request GET https://registry.npmjs.org/ios-sim
22 http 304 https://registry.npmjs.org/ios-sim
23 silly get cb [ 304,
23 silly get   { date: 'Thu, 19 Feb 2015 18:21:51 GMT',
23 silly get     server: 'Apache',
23 silly get     via: '1.1 varnish',
23 silly get     'last-modified': 'Thu, 19 Feb 2015 18:21:51 GMT',
23 silly get     'cache-control': 'max-age=60',
23 silly get     etag: '"5N2I9S5HWR4XHX26339ANL7X5"',
23 silly get     age: '12',
23 silly get     'x-served-by': 'cache-fra1226-FRA',
23 silly get     'x-cache': 'HIT',
23 silly get     'x-cache-hits': '1',
23 silly get     'x-timer': 'S1424370111.630364,VS0,VE0',
23 silly get     vary: 'Accept',
23 silly get     'content-length': '0',
23 silly get     'keep-alive': 'timeout=10, max=50',
23 silly get     connection: 'Keep-Alive' } ]
24 verbose etag https://registry.npmjs.org/ios-sim from cache
25 verbose get saving ios-sim to /Users/juancamilo87/.npm/registry.npmjs.org/ios-sim/.cache.json
26 silly addNameRange number 2 { name: 'ios-sim', range: '*', hasData: true }
27 silly addNameRange versions [ 'ios-sim',
27 silly addNameRange   [ '1.8.0',
27 silly addNameRange     '1.8.1',
27 silly addNameRange     '1.8.2',
27 silly addNameRange     '1.9.0',
27 silly addNameRange     '2.0.0',
27 silly addNameRange     '2.0.1',
27 silly addNameRange     '3.0.0',
27 silly addNameRange     '3.1.0',
27 silly addNameRange     '3.1.1',
27 silly addNameRange     '4.0.0',
27 silly addNameRange     '4.0.1' ] ]
28 verbose addNamed ios-sim@3.1.1
29 silly addNamed semver.valid 3.1.1
30 silly addNamed semver.validRange 3.1.1
31 silly cache afterAdd ios-sim@3.1.1
32 verbose afterAdd /Users/juancamilo87/.npm/ios-sim/3.1.1/package/package.json not in flight; writing
33 verbose afterAdd /Users/juancamilo87/.npm/ios-sim/3.1.1/package/package.json written
34 silly install resolved [ { name: 'ios-sim',
34 silly install resolved     version: '3.1.1',
34 silly install resolved     description: 'launch iOS apps into the iOS Simulator from the command line (Xcode 6.0)',
34 silly install resolved     main: 'ios-sim',
34 silly install resolved     scripts: { preinstall: 'rake build' },
34 silly install resolved     bin: { 'ios-sim': 'build/Release/ios-sim' },
34 silly install resolved     repository: { type: 'git', url: 'https://github.com/phonegap/ios-sim' },
34 silly install resolved     keywords: [ 'ios-sim', 'iOS Simulator' ],
34 silly install resolved     author: { name: 'Landon Fuller, Jeff Haynie, Eloy Duran, Shazron Abdullah' },
34 silly install resolved     license: 'MIT',
34 silly install resolved     gitHead: 'c6ec64397e5fa462f1ea2d4e4fdc123a856618f9',
34 silly install resolved     bugs: { url: 'https://github.com/phonegap/ios-sim/issues' },
34 silly install resolved     homepage: 'https://github.com/phonegap/ios-sim',
34 silly install resolved     _id: 'ios-sim@3.1.1',
34 silly install resolved     _shasum: '1129c3fda31b917ef656b8c53fd276392b51c6e8',
34 silly install resolved     _from: 'ios-sim@*',
34 silly install resolved     _npmVersion: '1.4.14',
34 silly install resolved     _npmUser: { name: 'shazron', email: 'shazron@gmail.com' },
34 silly install resolved     maintainers: [ [Object] ],
34 silly install resolved     dist:
34 silly install resolved      { shasum: '1129c3fda31b917ef656b8c53fd276392b51c6e8',
34 silly install resolved        tarball: 'http://registry.npmjs.org/ios-sim/-/ios-sim-3.1.1.tgz' },
34 silly install resolved     directories: {},
34 silly install resolved     _resolved: 'https://registry.npmjs.org/ios-sim/-/ios-sim-3.1.1.tgz',
34 silly install resolved     readme: 'ERROR: No README data found!' } ]
35 info install ios-sim@3.1.1 into /usr/local/lib
36 info installOne ios-sim@3.1.1
37 verbose installOne of ios-sim to /usr/local/lib not in flight; installing
38 verbose lock using /Users/juancamilo87/.npm/_locks/ios-sim-3bb56db538048d2f.lock for /usr/local/lib/node_modules/ios-sim
39 silly install write writing ios-sim 3.1.1 to /usr/local/lib/node_modules/ios-sim
40 silly cache addNamed cb ios-sim@3.1.1
41 verbose unbuild lib/node_modules/ios-sim
42 verbose gentlyRm vacuuming /usr/local/lib/node_modules/ios-sim
43 verbose tar unpack /Users/juancamilo87/.npm/ios-sim/3.1.1/package.tgz
44 verbose tar unpacking to /usr/local/lib/node_modules/ios-sim
45 verbose gentlyRm vacuuming /usr/local/lib/node_modules/ios-sim
46 silly gunzTarPerm modes [ '755', '644' ]
47 silly gunzTarPerm extractEntry package.json
48 silly gunzTarPerm extractEntry .npmignore
49 silly gunzTarPerm extractEntry README.md
50 silly gunzTarPerm extractEntry LICENSE
51 silly gunzTarPerm extractEntry resources/buildbox/build.sh
52 silly gunzTarPerm extractEntry CoreSimulator/CoreSimulator.h
53 silly gunzTarPerm extractEntry CONTRIBUTING.md
54 silly gunzTarPerm extractEntry Rakefile
55 silly gunzTarPerm extractEntry Source/.npmignore
56 silly gunzTarPerm extractEntry Source/NSString+expandPath.h
57 silly gunzTarPerm extractEntry Source/NSString+expandPath.m
58 silly gunzTarPerm extractEntry Source/iPhoneSimulator.h
59 silly gunzTarPerm extractEntry Source/iPhoneSimulator.m
60 silly gunzTarPerm extractEntry Source/main.m
61 silly gunzTarPerm extractEntry Source/nsprintf.h
62 silly gunzTarPerm extractEntry Source/nsprintf.m
63 silly gunzTarPerm extractEntry Source/version.h
64 silly gunzTarPerm extractEntry ios-sim.xcodeproj/.npmignore
65 silly gunzTarPerm extractEntry ios-sim.xcodeproj/project.pbxproj
66 silly gunzTarPerm extractEntry ios-sim.xcodeproj/xcshareddata/xcschemes/ios-sim.xcscheme
67 silly gunzTarPerm extractEntry ios-sim_Prefix.pch
68 silly gunzTarPerm extractEntry DVTiPhoneSimulatorRemoteClient/DVTiPhoneSimulatorRemoteClient.h
69 silly gunzTarPerm extractEntry README.template.md
70 info preinstall ios-sim@3.1.1
71 verbose unsafe-perm in lifecycle false
72 info ios-sim@3.1.1 Failed to exec preinstall script
73 verbose unlock done using /Users/juancamilo87/.npm/_locks/ios-sim-3bb56db538048d2f.lock for /usr/local/lib/node_modules/ios-sim
74 verbose stack Error: ios-sim@3.1.1 preinstall: `rake build`
74 verbose stack Exit status 1
74 verbose stack     at EventEmitter.<anonymous> (/usr/local/lib/node_modules/npm/lib/utils/lifecycle.js:213:16)
74 verbose stack     at EventEmitter.emit (events.js:110:17)
74 verbose stack     at ChildProcess.<anonymous> (/usr/local/lib/node_modules/npm/lib/utils/spawn.js:14:12)
74 verbose stack     at ChildProcess.emit (events.js:110:17)
74 verbose stack     at maybeClose (child_process.js:1008:16)
74 verbose stack     at Process.ChildProcess._handle.onexit (child_process.js:1080:5)
75 verbose pkgid ios-sim@3.1.1
76 verbose cwd /Users/juancamilo87/Interactive-Story
77 error Darwin 12.5.0
78 error argv "node" "/usr/local/bin/npm" "install" "ios-sim" "-g"
79 error node v0.12.0
80 error npm  v2.5.1
81 error code ELIFECYCLE
82 error ios-sim@3.1.1 preinstall: `rake build`
82 error Exit status 1
83 error Failed at the ios-sim@3.1.1 preinstall script 'rake build'.
83 error This is most likely a problem with the ios-sim package,
83 error not with npm itself.
83 error Tell the author that this fails on your system:
83 error     rake build
83 error You can get their info via:
83 error     npm owner ls ios-sim
83 error There is likely additional logging output above.
84 verbose exit [ 1, true ]
85 verbose unbuild lib/node_modules/ios-sim
86 info preuninstall ios-sim@3.1.1
87 info uninstall ios-sim@3.1.1
88 verbose unbuild rmStuff ios-sim@3.1.1 from /usr/local/lib/node_modules
89 verbose gentlyRm verifying that /usr/local is managed by npm
90 silly isManaged /usr/local is not inside /usr/local/lib/node_modules
91 silly isManaged /usr/local is not inside /usr/local/lib/node_modules
92 silly isManaged /usr/local/bin is inside /usr/local
93 silly gentlyRm /usr/local is managed by npm
94 silly gentlyRm /usr/local/bin/ios-sim is under /usr/local
95 verbose gentlyRm vacuuming /usr/local/bin/ios-sim up to /usr/local
96 info postuninstall ios-sim@3.1.1
97 verbose gentlyRm vacuuming /usr/local/lib/node_modules/ios-sim
98 silly gentlyRm purging /usr/local/lib/node_modules/ios-sim
99 silly gentlyRm quitting because other entries in /usr/local/lib/node_modules
